
.===========================================================================.
|               __  __ _____ ____    _                      _               |
|              |  \/  | ___|/ ___|  / \   ___ _ __ ___   __| |              |
|              | |\/| | \  / |  _  / _ \ / __| '_ ` _ \ / _` |              |
|              | |  | | /__\ |_| |/ ___ \ (__| | | | | | (_| |              |
|              |_|  |_|____|\____/_/   \_\___|_| |_| |_|\__,_|              |
|                                                                           |
|                                  SERVER                                   |
`===========================================================================´
[info: 03:14:52] Resuming session...
[info: 03:14:53] Fetching nodes ... 
[info: 03:14:55] Loaded sync: /mnt/admin-ap/home to /Backups/admin-ap
[info: 03:14:56] Login complete as flossware@gmail.com
[info: 03:14:57] Listening to petitions ... 

.===========================================================================.
|               __  __ _____ ____    _                      _               |
|              |  \/  | ___|/ ___|  / \   ___ _ __ ___   __| |              |
|              | |\/| | \  / |  _  / _ \ / __| '_ ` _ \ / _` |              |
|              | |  | | /__\ |_| |/ ___ \ (__| | | | | | (_| |              |
|              |_|  |_|____|\____/_/   \_\___|_| |_| |_|\__,_|              |
|                                                                           |
|                                  SERVER                                   |
`===========================================================================´
[info: 03:22:25] Resuming session...
[info: 03:26:35] Fetching nodes ... 
[info: 03:26:36] Loaded sync: /mnt/admin-ap/home to /Backups/admin-ap
[info: 03:26:36] Login complete as flossware@gmail.com
[info: 03:26:37] Listening to petitions ... 

.===========================================================================.
|               __  __ _____ ____    _                      _               |
|              |  \/  | ___|/ ___|  / \   ___ _ __ ___   __| |              |
|              | |\/| | \  / |  _  / _ \ / __| '_ ` _ \ / _` |              |
|              | |  | | /__\ |_| |/ ___ \ (__| | | | | | (_| |              |
|              |_|  |_|____|\____/_/   \_\___|_| |_| |_|\__,_|              |
|                                                                           |
|                                  SERVER                                   |
`===========================================================================´
[info: 16:54:20] Resuming session...
[info: 16:54:21] Fetching nodes ... 
[info: 16:59:43] Loaded sync: /mnt/admin-ap/home to /Backups/admin-ap
[info: 16:59:56] Login complete as flossware@gmail.com
[info: 16:59:57] Listening to petitions ... 
terminate called after throwing an instance of 'std::bad_alloc'
  what():  std::bad_alloc
